nohup: ignoring input
 * Serving Flask app 'app'
 * Debug mode: on
/home/ec2-user/.local/lib/python3.7/site-packages/sklearn/base.py:338: UserWarning: Trying to unpickle estimator LogisticRegression from version 1.1.1 when using version 1.0.2. This might lead to breaking code or invalid results. Use at your own risk. For more info please refer to:
https://scikit-learn.org/stable/modules/model_persistence.html#security-maintainability-limitations
  UserWarning,
/home/ec2-user/.local/lib/python3.7/site-packages/sklearn/base.py:338: UserWarning: Trying to unpickle estimator OneHotEncoder from version 1.1.1 when using version 1.0.2. This might lead to breaking code or invalid results. Use at your own risk. For more info please refer to:
https://scikit-learn.org/stable/modules/model_persistence.html#security-maintainability-limitations
  UserWarning,
WARNING: This is a development server. Do not use it in a production deployment. Use a production WSGI server instead.
 * Running on all addresses (0.0.0.0)
 * Running on http://127.0.0.1:7000
 * Running on http://172.31.64.100:7000
Press CTRL+C to quit
 * Restarting with stat
/home/ec2-user/.local/lib/python3.7/site-packages/sklearn/base.py:338: UserWarning: Trying to unpickle estimator LogisticRegression from version 1.1.1 when using version 1.0.2. This might lead to breaking code or invalid results. Use at your own risk. For more info please refer to:
https://scikit-learn.org/stable/modules/model_persistence.html#security-maintainability-limitations
  UserWarning,
/home/ec2-user/.local/lib/python3.7/site-packages/sklearn/base.py:338: UserWarning: Trying to unpickle estimator OneHotEncoder from version 1.1.1 when using version 1.0.2. This might lead to breaking code or invalid results. Use at your own risk. For more info please refer to:
https://scikit-learn.org/stable/modules/model_persistence.html#security-maintainability-limitations
  UserWarning,
 * Debugger is active!
 * Debugger PIN: 119-531-809
49.37.156.69 - - [10/Jan/2024 15:33:38] "GET / HTTP/1.1" 200 -
